<?xml version="1.0" encoding="UTF-8"?>
<!-- Generated by org.testng.reporters.JUnitXMLReporter -->
<testsuite ignored="0" hostname="MSI" failures="0" tests="10" name="Test" time="142.862" errors="0" timestamp="2026-09-12T23:01:22 IST">
  <testcase classname="testLayer.testLogin" name="login" time="5.157"/>
  <testcase classname="testLayer.testLogin" name="createUser" time="80.962"/>
  <testcase classname="testLayer.testLogin" name="DeleteuserFromUI" time="2.705"/>
  <testcase classname="testLayer.testLogin" name="LogoutFromUI" time="1.326"/>
  <testcase classname="testLayer.testLogin" name="APITestPostuser" time="3.964"/>
  <testcase classname="testLayer.testLogin" name="APITestPostuser" time="1.306"/>
  <testcase classname="testLayer.testLogin" name="APITestPostuser" time="1.347"/>
  <testcase classname="testLayer.testLogin" name="APITestDeleteuser" time="1.293"/>
  <testcase classname="testLayer.testLogin" name="APITestDeleteuser" time="1.358"/>
  <testcase classname="testLayer.testLogin" name="APITestDeleteuser" time="1.317"/>
</testsuite> <!-- Test -->
