<?xml version="1.0" encoding="UTF-8"?>
<!-- Generated by org.testng.reporters.JUnitXMLReporter -->
<testsuite ignored="0" hostname="MSI" failures="1" tests="6" name="TestLinux_firefox" time="60.175" errors="0" timestamp="2026-08-23T18:15:24 IST">
  <testcase classname="testLayer.testLogin" name="testRegisterUser" time="21.438">
    <failure type="org.openqa.selenium.NoSuchElementException" message="Unable to locate element: //a[normalize-space()=&amp;apos;Log Out&amp;apos;]
For documentation on this error, please visit: https://www.selenium.dev/documentation/webdriver/troubleshooting/errors#no-such-element-exception
Build info: version: &amp;apos;4.27.0&amp;apos;, revision: &amp;apos;d6e718d134&amp;apos;
System info: os.name: &amp;apos;Windows 11&amp;apos;, os.arch: &amp;apos;amd64&amp;apos;, os.version: &amp;apos;10.0&amp;apos;, java.version: &amp;apos;22&amp;apos;
Driver info: org.openqa.selenium.remote.RemoteWebDriver
Command: [09c59f15-e108-41d4-86f5-e5b8ee53ec5b, findElement {using=xpath, value=//a[normalize-space()=&amp;apos;Log Out&amp;apos;]}]
Capabilities {acceptInsecureCerts: false, browserName: firefox, browserVersion: 138.0.3, container:hostname: 551a9d87f030, moz:accessibilityChecks: false, moz:buildID: 20250512124033, moz:geckodriverVersion: 0.36.0, moz:headless: false, moz:platformVersion: 5.15.153.1-microsoft-standa..., moz:processID: 216, moz:profile: /tmp/rust_mozprofilezlv8bv, moz:shutdownTimeout: 60000, moz:webdriverClick: true, moz:windowless: false, pageLoadStrategy: normal, platformName: linux, proxy: Proxy(), se:bidiEnabled: false, se:cdpEnabled: false, se:containerName: 551a9d87f030, se:noVncPort: 7900, se:vnc: ws://172.20.0.3:4444/sessio..., se:vncEnabled: true, se:vncLocalAddress: ws://172.20.0.3:7900, setWindowRect: true, strictFileInteractability: false, timeouts: {implicit: 0, pageLoad: 300000, script: 30000}, unhandledPromptBehavior: dismiss and notify, userAgent: Mozilla/5.0 (X11; Linux x86...}
Session ID: 09c59f15-e108-41d4-86f5-e5b8ee53ec5b">
      <![CDATA[org.openqa.selenium.NoSuchElementException: Unable to locate element: //a[normalize-space()='Log Out']
For documentation on this error, please visit: https://www.selenium.dev/documentation/webdriver/troubleshooting/errors#no-such-element-exception
Build info: version: '4.27.0', revision: 'd6e718d134'
System info: os.name: 'Windows 11', os.arch: 'amd64', os.version: '10.0', java.version: '22'
Driver info: org.openqa.selenium.remote.RemoteWebDriver
Command: [09c59f15-e108-41d4-86f5-e5b8ee53ec5b, findElement {using=xpath, value=//a[normalize-space()='Log Out']}]
Capabilities {acceptInsecureCerts: false, browserName: firefox, browserVersion: 138.0.3, container:hostname: 551a9d87f030, moz:accessibilityChecks: false, moz:buildID: 20250512124033, moz:geckodriverVersion: 0.36.0, moz:headless: false, moz:platformVersion: 5.15.153.1-microsoft-standa..., moz:processID: 216, moz:profile: /tmp/rust_mozprofilezlv8bv, moz:shutdownTimeout: 60000, moz:webdriverClick: true, moz:windowless: false, pageLoadStrategy: normal, platformName: linux, proxy: Proxy(), se:bidiEnabled: false, se:cdpEnabled: false, se:containerName: 551a9d87f030, se:noVncPort: 7900, se:vnc: ws://172.20.0.3:4444/sessio..., se:vncEnabled: true, se:vncLocalAddress: ws://172.20.0.3:7900, setWindowRect: true, strictFileInteractability: false, timeouts: {implicit: 0, pageLoad: 300000, script: 30000}, unhandledPromptBehavior: dismiss and notify, userAgent: Mozilla/5.0 (X11; Linux x86...}
Session ID: 09c59f15-e108-41d4-86f5-e5b8ee53ec5b
at org.openqa.selenium.remote.ErrorCodec.decode(ErrorCodec.java:167)
at org.openqa.selenium.remote.codec.w3c.W3CHttpResponseCodec.decode(W3CHttpResponseCodec.java:138)
at org.openqa.selenium.remote.codec.w3c.W3CHttpResponseCodec.decode(W3CHttpResponseCodec.java:50)
at org.openqa.selenium.remote.HttpCommandExecutor.execute(HttpCommandExecutor.java:190)
at org.openqa.selenium.remote.TracedCommandExecutor.execute(TracedCommandExecutor.java:53)
at org.openqa.selenium.remote.RemoteWebDriver.execute(RemoteWebDriver.java:545)
at org.openqa.selenium.remote.ElementLocation$ElementFinder$2.findElement(ElementLocation.java:165)
at org.openqa.selenium.remote.ElementLocation.findElement(ElementLocation.java:59)
at org.openqa.selenium.remote.RemoteWebDriver.findElement(RemoteWebDriver.java:368)
at org.openqa.selenium.remote.RemoteWebDriver.findElement(RemoteWebDriver.java:362)
at org.openqa.selenium.support.pagefactory.DefaultElementLocator.findElement(DefaultElementLocator.java:68)
at org.openqa.selenium.support.pagefactory.internal.LocatingElementHandler.invoke(LocatingElementHandler.java:38)
at jdk.proxy2/jdk.proxy2.$Proxy16.click(Unknown Source)
at POMPackage.POMregisterUser.logout(POMregisterUser.java:51)
at testLayer.testLogin.testRegisterUser(testLogin.java:41)
at java.base/java.util.ArrayList.forEach(ArrayList.java:1597)
... Removed 28 stack frames]]>
    </failure>
  </testcase> <!-- testRegisterUser -->
  <testcase classname="testLayer.testLogin" name="openAccount" time="24.246"/>
  <testcase classname="testLayer.testLogin" name="successfullyLogin" time="1.361"/>
  <testcase classname="testLayer.testLogin" name="failedLogin" time="0.457"/>
  <testcase classname="testLayer.ApiTesting" name="validateResponseContent" time="2.105"/>
  <testcase classname="testLayer.ApiTesting" name="validatingResponseCode" time="0.072"/>
</testsuite> <!-- TestLinux_firefox -->
