<?xml version="1.0" encoding="UTF-8"?>
<testng-results ignored="0" total="10" passed="10" failed="0" skipped="0">
  <reporter-output>
  </reporter-output>
  <suite started-at="2026-09-12T22:58:59 IST" name="Master Suite" finished-at="2026-09-12T23:01:22 IST" duration-ms="142862">
    <groups>
    </groups>
    <test started-at="2026-09-12T22:58:59 IST" name="Test" finished-at="2026-09-12T23:01:22 IST" duration-ms="142862">
      <class name="testLayer.testLogin">
        <test-method is-config="true" signature="initiation(java.lang.String,java.lang.String)[pri:0, instance:testLayer.testLogin@4e928fbf]" started-at="2026-09-12T22:58:59 IST" name="initiation" finished-at="2026-09-12T22:59:21 IST" duration-ms="21300" status="PASS">
          <params>
            <param index="0">
              <value>
                <![CDATA[Windows]]>
              </value>
            </param>
            <param index="1">
              <value>
                <![CDATA[chrome]]>
              </value>
            </param>
          </params>
          <reporter-output>
          </reporter-output>
        </test-method> <!-- initiation -->
        <test-method is-config="true" signature="initSetup(java.lang.String,java.lang.String)[pri:0, instance:testLayer.testLogin@4e928fbf]" started-at="2026-09-12T22:59:21 IST" name="initSetup" finished-at="2026-09-12T22:59:36 IST" duration-ms="15433" status="PASS">
          <params>
            <param index="0">
              <value>
                <![CDATA[Windows]]>
              </value>
            </param>
            <param index="1">
              <value>
                <![CDATA[chrome]]>
              </value>
            </param>
          </params>
          <reporter-output>
          </reporter-output>
        </test-method> <!-- initSetup -->
        <test-method signature="login(java.lang.String,java.lang.String)[pri:1, instance:testLayer.testLogin@4e928fbf]" started-at="2026-09-12T22:59:39 IST" name="login" data-provider="test1Data" finished-at="2026-09-12T22:59:45 IST" duration-ms="5157" status="PASS">
          <params>
            <param index="0">
              <value>
                <![CDATA[Admin]]>
              </value>
            </param>
            <param index="1">
              <value>
                <![CDATA[admin123]]>
              </value>
            </param>
          </params>
          <reporter-output>
          </reporter-output>
        </test-method> <!-- login -->
        <test-method signature="createUser(java.lang.String,java.lang.String,java.lang.String,java.lang.String,java.lang.String,java.lang.String)[pri:2, instance:testLayer.testLogin@4e928fbf]" started-at="2026-09-12T22:59:46 IST" name="createUser" data-provider="test2Data" finished-at="2026-09-12T23:01:07 IST" duration-ms="80962" status="PASS">
          <params>
            <param index="0">
              <value>
                <![CDATA[Joh]]>
              </value>
            </param>
            <param index="1">
              <value>
                <![CDATA[doe]]>
              </value>
            </param>
            <param index="2">
              <value>
                <![CDATA[1168]]>
              </value>
            </param>
            <param index="3">
              <value>
                <![CDATA[C:\Users\svksh\eclipse-workspace\gridFramework\Image\cicd_jenkins_thumbnail.png]]>
              </value>
            </param>
            <param index="4">
              <value>
                <![CDATA[Account Assistant]]>
              </value>
            </param>
            <param index="5">
              <value>
                <![CDATA[Full-Time Permanent]]>
              </value>
            </param>
          </params>
          <reporter-output>
          </reporter-output>
        </test-method> <!-- createUser -->
        <test-method signature="DeleteuserFromUI(java.lang.String,java.lang.String,java.lang.String,java.lang.String,java.lang.String,java.lang.String)[pri:3, instance:testLayer.testLogin@4e928fbf]" started-at="2026-09-12T23:01:07 IST" name="DeleteuserFromUI" data-provider="test2Data" finished-at="2026-09-12T23:01:10 IST" duration-ms="2705" status="PASS">
          <params>
            <param index="0">
              <value>
                <![CDATA[Joh]]>
              </value>
            </param>
            <param index="1">
              <value>
                <![CDATA[doe]]>
              </value>
            </param>
            <param index="2">
              <value>
                <![CDATA[1168]]>
              </value>
            </param>
            <param index="3">
              <value>
                <![CDATA[C:\Users\svksh\eclipse-workspace\gridFramework\Image\cicd_jenkins_thumbnail.png]]>
              </value>
            </param>
            <param index="4">
              <value>
                <![CDATA[Account Assistant]]>
              </value>
            </param>
            <param index="5">
              <value>
                <![CDATA[Full-Time Permanent]]>
              </value>
            </param>
          </params>
          <reporter-output>
          </reporter-output>
        </test-method> <!-- DeleteuserFromUI -->
        <test-method signature="LogoutFromUI(java.lang.String,java.lang.String,java.lang.String,java.lang.String,java.lang.String,java.lang.String)[pri:4, instance:testLayer.testLogin@4e928fbf]" started-at="2026-09-12T23:01:10 IST" name="LogoutFromUI" data-provider="test2Data" finished-at="2026-09-12T23:01:11 IST" duration-ms="1326" status="PASS">
          <params>
            <param index="0">
              <value>
                <![CDATA[Joh]]>
              </value>
            </param>
            <param index="1">
              <value>
                <![CDATA[doe]]>
              </value>
            </param>
            <param index="2">
              <value>
                <![CDATA[1168]]>
              </value>
            </param>
            <param index="3">
              <value>
                <![CDATA[C:\Users\svksh\eclipse-workspace\gridFramework\Image\cicd_jenkins_thumbnail.png]]>
              </value>
            </param>
            <param index="4">
              <value>
                <![CDATA[Account Assistant]]>
              </value>
            </param>
            <param index="5">
              <value>
                <![CDATA[Full-Time Permanent]]>
              </value>
            </param>
          </params>
          <reporter-output>
          </reporter-output>
        </test-method> <!-- LogoutFromUI -->
        <test-method signature="APITestPostuser(java.lang.String,java.lang.String,java.lang.String,java.lang.String,java.lang.String,java.lang.String,java.lang.String)[pri:5, instance:testLayer.testLogin@4e928fbf]" started-at="2026-09-12T23:01:11 IST" name="APITestPostuser" data-provider="Data" finished-at="2026-09-12T23:01:15 IST" duration-ms="3964" status="PASS">
          <params>
            <param index="0">
              <value>
                <![CDATA[1010]]>
              </value>
            </param>
            <param index="1">
              <value>
                <![CDATA[testuser1]]>
              </value>
            </param>
            <param index="2">
              <value>
                <![CDATA[John]]>
              </value>
            </param>
            <param index="3">
              <value>
                <![CDATA[Wich]]>
              </value>
            </param>
            <param index="4">
              <value>
                <![CDATA[test1@gmail.com]]>
              </value>
            </param>
            <param index="5">
              <value>
                <![CDATA[test@123]]>
              </value>
            </param>
            <param index="6">
              <value>
                <![CDATA[9876543210]]>
              </value>
            </param>
          </params>
          <reporter-output>
          </reporter-output>
        </test-method> <!-- APITestPostuser -->
        <test-method signature="APITestPostuser(java.lang.String,java.lang.String,java.lang.String,java.lang.String,java.lang.String,java.lang.String,java.lang.String)[pri:5, instance:testLayer.testLogin@4e928fbf]" started-at="2026-09-12T23:01:15 IST" name="APITestPostuser" data-provider="Data" finished-at="2026-09-12T23:01:17 IST" duration-ms="1306" status="PASS">
          <params>
            <param index="0">
              <value>
                <![CDATA[1210]]>
              </value>
            </param>
            <param index="1">
              <value>
                <![CDATA[testuser2]]>
              </value>
            </param>
            <param index="2">
              <value>
                <![CDATA[Hohn]]>
              </value>
            </param>
            <param index="3">
              <value>
                <![CDATA[Watson]]>
              </value>
            </param>
            <param index="4">
              <value>
                <![CDATA[test2@gmail.com]]>
              </value>
            </param>
            <param index="5">
              <value>
                <![CDATA[test@1234]]>
              </value>
            </param>
            <param index="6">
              <value>
                <![CDATA[9876543211]]>
              </value>
            </param>
          </params>
          <reporter-output>
          </reporter-output>
        </test-method> <!-- APITestPostuser -->
        <test-method signature="APITestPostuser(java.lang.String,java.lang.String,java.lang.String,java.lang.String,java.lang.String,java.lang.String,java.lang.String)[pri:5, instance:testLayer.testLogin@4e928fbf]" started-at="2026-09-12T23:01:17 IST" name="APITestPostuser" data-provider="Data" finished-at="2026-09-12T23:01:18 IST" duration-ms="1347" status="PASS">
          <params>
            <param index="0">
              <value>
                <![CDATA[1110]]>
              </value>
            </param>
            <param index="1">
              <value>
                <![CDATA[testuser3]]>
              </value>
            </param>
            <param index="2">
              <value>
                <![CDATA[Michel]]>
              </value>
            </param>
            <param index="3">
              <value>
                <![CDATA[Tyson]]>
              </value>
            </param>
            <param index="4">
              <value>
                <![CDATA[test3@gmail.com]]>
              </value>
            </param>
            <param index="5">
              <value>
                <![CDATA[test@567]]>
              </value>
            </param>
            <param index="6">
              <value>
                <![CDATA[9876543212]]>
              </value>
            </param>
          </params>
          <reporter-output>
          </reporter-output>
        </test-method> <!-- APITestPostuser -->
        <test-method signature="APITestDeleteuser(java.lang.String)[pri:6, instance:testLayer.testLogin@4e928fbf]" started-at="2026-09-12T23:01:18 IST" name="APITestDeleteuser" data-provider="usernames" finished-at="2026-09-12T23:01:19 IST" duration-ms="1293" status="PASS">
          <params>
            <param index="0">
              <value>
                <![CDATA[testuser1]]>
              </value>
            </param>
          </params>
          <reporter-output>
          </reporter-output>
        </test-method> <!-- APITestDeleteuser -->
        <test-method signature="APITestDeleteuser(java.lang.String)[pri:6, instance:testLayer.testLogin@4e928fbf]" started-at="2026-09-12T23:01:19 IST" name="APITestDeleteuser" data-provider="usernames" finished-at="2026-09-12T23:01:21 IST" duration-ms="1358" status="PASS">
          <params>
            <param index="0">
              <value>
                <![CDATA[testuser2]]>
              </value>
            </param>
          </params>
          <reporter-output>
          </reporter-output>
        </test-method> <!-- APITestDeleteuser -->
        <test-method signature="APITestDeleteuser(java.lang.String)[pri:6, instance:testLayer.testLogin@4e928fbf]" started-at="2026-09-12T23:01:21 IST" name="APITestDeleteuser" data-provider="usernames" finished-at="2026-09-12T23:01:22 IST" duration-ms="1317" status="PASS">
          <params>
            <param index="0">
              <value>
                <![CDATA[testuser3]]>
              </value>
            </param>
          </params>
          <reporter-output>
          </reporter-output>
        </test-method> <!-- APITestDeleteuser -->
      </class> <!-- testLayer.testLogin -->
    </test> <!-- Test -->
  </suite> <!-- Master Suite -->
</testng-results>
